Started GET "/" for 127.0.0.1 at 2022-10-05 21:45:51 +0530
Started GET "/" for 127.0.0.1 at 2022-10-05 21:45:51 +0530
Processing by Rails::WelcomeController#index as HTML
Processing by Rails::WelcomeController#index as HTML
  Rendering C:/Ruby31-x64/lib/ruby/gems/3.1.0/gems/railties-7.0.4/lib/rails/templates/rails/welcome/index.html.erb
  Rendering C:/Ruby31-x64/lib/ruby/gems/3.1.0/gems/railties-7.0.4/lib/rails/templates/rails/welcome/index.html.erb
  Rendered C:/Ruby31-x64/lib/ruby/gems/3.1.0/gems/railties-7.0.4/lib/rails/templates/rails/welcome/index.html.erb (Duration: 69.5ms | Allocations: 691)
  Rendered C:/Ruby31-x64/lib/ruby/gems/3.1.0/gems/railties-7.0.4/lib/rails/templates/rails/welcome/index.html.erb (Duration: 76.1ms | Allocations: 652)
Completed 200 OK in 486ms (Views: 275.8ms | ActiveRecord: 0.0ms | Allocations: 5353)


Completed 200 OK in 489ms (Views: 279.7ms | ActiveRecord: 0.0ms | Allocations: 5542)


  [1m[35m (262.4ms)[0m  [1m[35mCREATE TABLE "schema_migrations" ("version" varchar NOT NULL PRIMARY KEY)[0m
  [1m[35m (106.4ms)[0m  [1m[35mCREATE TABLE "ar_internal_metadata" ("key" varchar NOT NULL PRIMARY KEY, "value" varchar, "created_at" datetime(6) NOT NULL, "updated_at" datetime(6) NOT NULL)[0m
  [1m[36mActiveRecord::SchemaMigration Pluck (0.7ms)[0m  [1m[34mSELECT "schema_migrations"."version" FROM "schema_migrations" ORDER BY "schema_migrations"."version" ASC[0m
Migrating to CreateEmployees (20221005162018)
  [1m[36mTRANSACTION (0.1ms)[0m  [1m[36mbegin transaction[0m
  [1m[35m (5.7ms)[0m  [1m[35mCREATE TABLE "employees" ("id" integer PRIMARY KEY AUTOINCREMENT NOT NULL, "name" varchar, "age" integer, "gender" text, "designation" varchar, "created_at" datetime(6) NOT NULL, "updated_at" datetime(6) NOT NULL)[0m
  [1m[36mActiveRecord::SchemaMigration Create (0.6ms)[0m  [1m[32mINSERT INTO "schema_migrations" ("version") VALUES (?)[0m  [["version", "20221005162018"]]
  [1m[36mTRANSACTION (216.2ms)[0m  [1m[36mcommit transaction[0m
  [1m[36mActiveRecord::InternalMetadata Load (0.6ms)[0m  [1m[34mSELECT "ar_internal_metadata".* FROM "ar_internal_metadata" WHERE "ar_internal_metadata"."key" = ? LIMIT ?[0m  [["key", "environment"], ["LIMIT", 1]]
  [1m[36mTRANSACTION (0.1ms)[0m  [1m[36mbegin transaction[0m
  [1m[36mActiveRecord::InternalMetadata Create (3.5ms)[0m  [1m[32mINSERT INTO "ar_internal_metadata" ("key", "value", "created_at", "updated_at") VALUES (?, ?, ?, ?)[0m  [["key", "environment"], ["value", "development"], ["created_at", "2022-10-05 16:29:08.441174"], ["updated_at", "2022-10-05 16:29:08.441174"]]
  [1m[36mTRANSACTION (129.6ms)[0m  [1m[36mcommit transaction[0m
  [1m[36mActiveRecord::SchemaMigration Pluck (0.5ms)[0m  [1m[34mSELECT "schema_migrations"."version" FROM "schema_migrations" ORDER BY "schema_migrations"."version" ASC[0m
Started GET "/" for 127.0.0.1 at 2022-10-05 22:11:23 +0530
Started GET "/" for 127.0.0.1 at 2022-10-05 22:11:23 +0530
  [1m[36mActiveRecord::SchemaMigration Pluck (0.8ms)[0m  [1m[34mSELECT "schema_migrations"."version" FROM "schema_migrations" ORDER BY "schema_migrations"."version" ASC[0m
Processing by Rails::WelcomeController#index as HTML
Processing by Rails::WelcomeController#index as HTML
  Rendering C:/Ruby31-x64/lib/ruby/gems/3.1.0/gems/railties-7.0.4/lib/rails/templates/rails/welcome/index.html.erb
  Rendering C:/Ruby31-x64/lib/ruby/gems/3.1.0/gems/railties-7.0.4/lib/rails/templates/rails/welcome/index.html.erb
  Rendered C:/Ruby31-x64/lib/ruby/gems/3.1.0/gems/railties-7.0.4/lib/rails/templates/rails/welcome/index.html.erb (Duration: 32.8ms | Allocations: 563)
Completed 200 OK in 273ms (Views: 99.9ms | ActiveRecord: 0.0ms | Allocations: 3968)


  Rendered C:/Ruby31-x64/lib/ruby/gems/3.1.0/gems/railties-7.0.4/lib/rails/templates/rails/welcome/index.html.erb (Duration: 36.9ms | Allocations: 940)
Completed 200 OK in 279ms (Views: 107.3ms | ActiveRecord: 0.0ms | Allocations: 4072)


Started GET "/" for 127.0.0.1 at 2022-10-05 23:00:39 +0530
  [1m[36mActiveRecord::SchemaMigration Pluck (0.6ms)[0m  [1m[34mSELECT "schema_migrations"."version" FROM "schema_migrations" ORDER BY "schema_migrations"."version" ASC[0m
Processing by Rails::WelcomeController#index as HTML
  Rendering C:/Ruby31-x64/lib/ruby/gems/3.1.0/gems/railties-7.0.4/lib/rails/templates/rails/welcome/index.html.erb
  Rendered C:/Ruby31-x64/lib/ruby/gems/3.1.0/gems/railties-7.0.4/lib/rails/templates/rails/welcome/index.html.erb (Duration: 21.7ms | Allocations: 499)
Completed 200 OK in 87ms (Views: 37.9ms | ActiveRecord: 0.0ms | Allocations: 3574)


  [1m[36mActiveRecord::SchemaMigration Pluck (0.6ms)[0m  [1m[34mSELECT "schema_migrations"."version" FROM "schema_migrations" ORDER BY "schema_migrations"."version" ASC[0m
  [1m[36mActiveRecord::InternalMetadata Load (0.8ms)[0m  [1m[34mSELECT "ar_internal_metadata".* FROM "ar_internal_metadata" WHERE "ar_internal_metadata"."key" = ? LIMIT ?[0m  [["key", "environment"], ["LIMIT", 1]]
  [1m[36mActiveRecord::SchemaMigration Pluck (0.6ms)[0m  [1m[34mSELECT "schema_migrations"."version" FROM "schema_migrations" ORDER BY "schema_migrations"."version" ASC[0m
  [1m[36mActiveRecord::SchemaMigration Pluck (0.6ms)[0m  [1m[34mSELECT "schema_migrations"."version" FROM "schema_migrations" ORDER BY "schema_migrations"."version" ASC[0m
  [1m[36mActiveRecord::InternalMetadata Load (0.6ms)[0m  [1m[34mSELECT "ar_internal_metadata".* FROM "ar_internal_metadata" WHERE "ar_internal_metadata"."key" = ? LIMIT ?[0m  [["key", "environment"], ["LIMIT", 1]]
  [1m[36mActiveRecord::SchemaMigration Pluck (0.5ms)[0m  [1m[34mSELECT "schema_migrations"."version" FROM "schema_migrations" ORDER BY "schema_migrations"."version" ASC[0m
Started GET "/" for 127.0.0.1 at 2022-10-05 23:03:55 +0530
  [1m[36mActiveRecord::SchemaMigration Pluck (0.7ms)[0m  [1m[34mSELECT "schema_migrations"."version" FROM "schema_migrations" ORDER BY "schema_migrations"."version" ASC[0m
Processing by EmployeesController#index as HTML
  Rendering layout layouts/application.html.erb
  Rendering employees/index.html.erb within layouts/application
  [1m[36mEmployee Load (0.6ms)[0m  [1m[34mSELECT "employees".* FROM "employees"[0m
  ↳ app/views/employees/index.html.erb:6
  Rendered employees/index.html.erb within layouts/application (Duration: 22.4ms | Allocations: 1569)
  Rendered layout layouts/application.html.erb (Duration: 1333.2ms | Allocations: 45013)
Completed 500 Internal Server Error in 1455ms (ActiveRecord: 0.6ms | Allocations: 49037)


  
ActionView::Template::Error (Permission denied @ rb_file_s_rename - (C:/Users/HP/employee_details/tmp/cache/assets/sprockets/v4.0.0/Su/SuOL_dcWtdow6hzVhWyzGjWumnD3ybzY_It8sgal_Ls.cache.21880.7740.610600, C:/Users/HP/employee_details/tmp/cache/assets/sprockets/v4.0.0/Su/SuOL_dcWtdow6hzVhWyzGjWumnD3ybzY_It8sgal_Ls.cache)):
  
sprockets (4.1.1) lib/sprockets/path_utils.rb:362:in `rename'
sprockets (4.1.1) lib/sprockets/path_utils.rb:362:in `atomic_write'
sprockets (4.1.1) lib/sprockets/cache/file_store.rb:112:in `set'
sprockets (4.1.1) lib/sprockets/cache.rb:227:in `set'
sprockets (4.1.1) lib/sprockets/cache.rb:143:in `set'
sprockets (4.1.1) lib/sprockets/loader.rb:263:in `store_asset'
sprockets (4.1.1) lib/sprockets/loader.rb:226:in `load_from_unloaded'
sprockets (4.1.1) lib/sprockets/loader.rb:59:in `block in load'
sprockets (4.1.1) lib/sprockets/loader.rb:337:in `fetch_asset_from_dependency_cache'
sprockets (4.1.1) lib/sprockets/loader.rb:43:in `load'
sprockets (4.1.1) lib/sprockets/cached_environment.rb:44:in `block in load'
sprockets (4.1.1) lib/sprockets/cached_environment.rb:44:in `fetch'
sprockets (4.1.1) lib/sprockets/cached_environment.rb:44:in `load'
sprockets (4.1.1) lib/sprockets/context.rb:117:in `load'
sprockets (4.1.1) lib/sprockets/context.rb:145:in `depend_on_asset'
sprockets (4.1.1) lib/sprockets/context.rb:185:in `link_asset'
sprockets-rails (3.4.2) lib/sprockets/rails/context.rb:27:in `compute_asset_path'
actionview (7.0.4) lib/action_view/helpers/asset_url_helper.rb:203:in `asset_path'
sprockets-rails (3.4.2) lib/sprockets/rails/sourcemapping_url_processor.rb:41:in `sourcemap_asset_path'
sprockets-rails (3.4.2) lib/sprockets/rails/sourcemapping_url_processor.rb:34:in `resolved_sourcemap_comment'
sprockets-rails (3.4.2) lib/sprockets/rails/sourcemapping_url_processor.rb:15:in `block in call'
sprockets-rails (3.4.2) lib/sprockets/rails/sourcemapping_url_processor.rb:11:in `gsub'
sprockets-rails (3.4.2) lib/sprockets/rails/sourcemapping_url_processor.rb:11:in `call'
sprockets (4.1.1) lib/sprockets/processor_utils.rb:84:in `call_processor'
sprockets (4.1.1) lib/sprockets/processor_utils.rb:66:in `block in call_processors'
sprockets (4.1.1) lib/sprockets/processor_utils.rb:65:in `reverse_each'
sprockets (4.1.1) lib/sprockets/processor_utils.rb:65:in `call_processors'
sprockets (4.1.1) lib/sprockets/loader.rb:182:in `load_from_unloaded'
sprockets (4.1.1) lib/sprockets/loader.rb:59:in `block in load'
sprockets (4.1.1) lib/sprockets/loader.rb:337:in `fetch_asset_from_dependency_cache'
sprockets (4.1.1) lib/sprockets/loader.rb:43:in `load'
sprockets (4.1.1) lib/sprockets/cached_environment.rb:44:in `block in load'
sprockets (4.1.1) lib/sprockets/cached_environment.rb:44:in `fetch'
sprockets (4.1.1) lib/sprockets/cached_environment.rb:44:in `load'
sprockets (4.1.1) lib/sprockets/bundle.rb:27:in `call'
sprockets (4.1.1) lib/sprockets/processor_utils.rb:84:in `call_processor'
sprockets (4.1.1) lib/sprockets/processor_utils.rb:66:in `block in call_processors'
sprockets (4.1.1) lib/sprockets/processor_utils.rb:65:in `reverse_each'
sprockets (4.1.1) lib/sprockets/processor_utils.rb:65:in `call_processors'
sprockets (4.1.1) lib/sprockets/loader.rb:182:in `load_from_unloaded'
sprockets (4.1.1) lib/sprockets/loader.rb:59:in `block in load'
sprockets (4.1.1) lib/sprockets/loader.rb:337:in `fetch_asset_from_dependency_cache'
sprockets (4.1.1) lib/sprockets/loader.rb:43:in `load'
sprockets (4.1.1) lib/sprockets/cached_environment.rb:44:in `block in load'
sprockets (4.1.1) lib/sprockets/cached_environment.rb:44:in `fetch'
sprockets (4.1.1) lib/sprockets/cached_environment.rb:44:in `load'
sprockets (4.1.1) lib/sprockets/base.rb:81:in `find_asset'
sprockets (4.1.1) lib/sprockets/base.rb:88:in `find_all_linked_assets'
sprockets (4.1.1) lib/sprockets/manifest.rb:125:in `each'
sprockets (4.1.1) lib/sprockets/manifest.rb:125:in `to_a'
sprockets (4.1.1) lib/sprockets/manifest.rb:125:in `block (2 levels) in find'
concurrent-ruby (1.1.10) lib/concurrent-ruby/concurrent/executor/safe_task_executor.rb:24:in `block in execute'
concurrent-ruby (1.1.10) lib/concurrent-ruby/concurrent/synchronization/mutex_lockable_object.rb:47:in `block in synchronize'
concurrent-ruby (1.1.10) lib/concurrent-ruby/concurrent/synchronization/mutex_lockable_object.rb:47:in `synchronize'
concurrent-ruby (1.1.10) lib/concurrent-ruby/concurrent/synchronization/mutex_lockable_object.rb:47:in `synchronize'
concurrent-ruby (1.1.10) lib/concurrent-ruby/concurrent/executor/safe_task_executor.rb:22:in `execute'
concurrent-ruby (1.1.10) lib/concurrent-ruby/concurrent/promise.rb:564:in `block in realize'
concurrent-ruby (1.1.10) lib/concurrent-ruby/concurrent/executor/ruby_thread_pool_executor.rb:352:in `run_task'
concurrent-ruby (1.1.10) lib/concurrent-ruby/concurrent/executor/ruby_thread_pool_executor.rb:343:in `block (3 levels) in create_worker'
concurrent-ruby (1.1.10) lib/concurrent-ruby/concurrent/executor/ruby_thread_pool_executor.rb:334:in `loop'
concurrent-ruby (1.1.10) lib/concurrent-ruby/concurrent/executor/ruby_thread_pool_executor.rb:334:in `block (2 levels) in create_worker'
concurrent-ruby (1.1.10) lib/concurrent-ruby/concurrent/executor/ruby_thread_pool_executor.rb:333:in `catch'
concurrent-ruby (1.1.10) lib/concurrent-ruby/concurrent/executor/ruby_thread_pool_executor.rb:333:in `block in create_worker'
Started GET "/" for 127.0.0.1 at 2022-10-05 23:17:58 +0530
Processing by EmployeesController#index as HTML
  Rendering layout layouts/application.html.erb
  Rendering employees/index.html.erb within layouts/application
  Rendered employees/index.html.erb within layouts/application (Duration: 27.2ms | Allocations: 2338)
  Rendered layout layouts/application.html.erb (Duration: 34.4ms | Allocations: 2425)
Completed 500 Internal Server Error in 94ms (Allocations: 3252)


  
ActionView::Template::Error (undefined method `each' for nil:NilClass):
    14:   </thead>
    15: 
    16:   <tbody>
    17:     <% @sharks.each do |shark| %>
    18:       <tr>
    19:         <td><%= employees.name %></td>
    20:         <td><%= employees.age %></td>
  
app/views/employees/index.html.erb:17
Started GET "/" for 127.0.0.1 at 2022-10-05 23:19:08 +0530
Processing by EmployeesController#index as HTML
  Rendering layout layouts/application.html.erb
  Rendering employees/index.html.erb within layouts/application
  [1m[36mEmployee Load (0.8ms)[0m  [1m[34mSELECT "employees".* FROM "employees"[0m
  ↳ app/views/employees/index.html.erb:17
  Rendered employees/index.html.erb within layouts/application (Duration: 16.5ms | Allocations: 1313)
  Rendered layout layouts/application.html.erb (Duration: 257.3ms | Allocations: 22933)
Completed 200 OK in 303ms (Views: 296.2ms | ActiveRecord: 7.0ms | Allocations: 23815)


Started GET "/employees/new" for 127.0.0.1 at 2022-10-05 23:19:14 +0530
Processing by EmployeesController#new as HTML
  Rendering layout layouts/application.html.erb
  Rendering employees/new.html.erb within layouts/application
  Rendered employees/_form.html.erb (Duration: 358.6ms | Allocations: 6058)
  Rendered employees/new.html.erb within layouts/application (Duration: 365.8ms | Allocations: 6373)
  Rendered layout layouts/application.html.erb (Duration: 382.2ms | Allocations: 7519)
Completed 200 OK in 704ms (Views: 384.3ms | ActiveRecord: 3.1ms | Allocations: 19505)


Started POST "/employees" for 127.0.0.1 at 2022-10-05 23:20:07 +0530
Started POST "/employees" for 127.0.0.1 at 2022-10-05 23:20:07 +0530
Processing by EmployeesController#create as HTML
  Parameters: {"authenticity_token"=>"[FILTERED]", "employee"=>{"name"=>"Laxmi", "age"=>"30", "gender"=>"female", "designation"=>""}, "commit"=>"Create Employee"}
  [1m[36mTRANSACTION (0.4ms)[0m  [1m[36mbegin transaction[0m
  ↳ app/controllers/employees_controller.rb:27:in `block in create'
  [1m[36mEmployee Create (3.0ms)[0m  [1m[32mINSERT INTO "employees" ("name", "age", "gender", "designation", "created_at", "updated_at") VALUES (?, ?, ?, ?, ?, ?)[0m  [["name", "Laxmi"], ["age", 30], ["gender", "female"], ["designation", ""], ["created_at", "2022-10-05 17:50:07.560287"], ["updated_at", "2022-10-05 17:50:07.560287"]]
  ↳ app/controllers/employees_controller.rb:27:in `block in create'
  [1m[36mTRANSACTION (116.6ms)[0m  [1m[36mcommit transaction[0m
  ↳ app/controllers/employees_controller.rb:27:in `block in create'
Redirected to http://127.0.0.1:3000/employees/1
Completed 302 Found in 187ms (ActiveRecord: 120.0ms | Allocations: 3846)


Processing by EmployeesController#create as HTML
  Parameters: {"authenticity_token"=>"[FILTERED]", "employee"=>{"name"=>"Laxmi", "age"=>"30", "gender"=>"female", "designation"=>""}, "commit"=>"Create Employee"}
  [1m[36mTRANSACTION (0.2ms)[0m  [1m[36mbegin transaction[0m
  ↳ app/controllers/employees_controller.rb:27:in `block in create'
  [1m[36mEmployee Create (8.0ms)[0m  [1m[32mINSERT INTO "employees" ("name", "age", "gender", "designation", "created_at", "updated_at") VALUES (?, ?, ?, ?, ?, ?)[0m  [["name", "Laxmi"], ["age", 30], ["gender", "female"], ["designation", ""], ["created_at", "2022-10-05 17:50:07.791536"], ["updated_at", "2022-10-05 17:50:07.791536"]]
  ↳ app/controllers/employees_controller.rb:27:in `block in create'
  [1m[36mTRANSACTION (110.0ms)[0m  [1m[36mcommit transaction[0m
  ↳ app/controllers/employees_controller.rb:27:in `block in create'
Redirected to http://127.0.0.1:3000/employees/2
Completed 302 Found in 147ms (ActiveRecord: 118.1ms | Allocations: 2278)


Started GET "/employees/2" for 127.0.0.1 at 2022-10-05 23:20:07 +0530
Processing by EmployeesController#show as HTML
  Parameters: {"id"=>"2"}
  [1m[36mEmployee Load (0.7ms)[0m  [1m[34mSELECT "employees".* FROM "employees" WHERE "employees"."id" = ? LIMIT ?[0m  [["id", 2], ["LIMIT", 1]]
  ↳ app/controllers/employees_controller.rb:63:in `set_employee'
  Rendering layout layouts/application.html.erb
  Rendering employees/show.html.erb within layouts/application
  Rendered employees/_employee.html.erb (Duration: 9.8ms | Allocations: 246)
  Rendered employees/show.html.erb within layouts/application (Duration: 61.3ms | Allocations: 1570)
  Rendered layout layouts/application.html.erb (Duration: 77.9ms | Allocations: 2701)
Completed 200 OK in 148ms (Views: 81.1ms | ActiveRecord: 0.7ms | Allocations: 5474)


Started GET "/employees/2/edit" for 127.0.0.1 at 2022-10-05 23:20:16 +0530
Processing by EmployeesController#edit as HTML
  Parameters: {"id"=>"2"}
  [1m[36mEmployee Load (0.4ms)[0m  [1m[34mSELECT "employees".* FROM "employees" WHERE "employees"."id" = ? LIMIT ?[0m  [["id", 2], ["LIMIT", 1]]
  ↳ app/controllers/employees_controller.rb:63:in `set_employee'
  Rendering layout layouts/application.html.erb
  Rendering employees/edit.html.erb within layouts/application
  Rendered employees/_form.html.erb (Duration: 11.9ms | Allocations: 1664)
  Rendered employees/edit.html.erb within layouts/application (Duration: 15.7ms | Allocations: 1923)
  Rendered layout layouts/application.html.erb (Duration: 31.3ms | Allocations: 2952)
Completed 200 OK in 47ms (Views: 33.5ms | ActiveRecord: 0.4ms | Allocations: 3834)


Started PATCH "/employees/2" for 127.0.0.1 at 2022-10-05 23:20:32 +0530
Processing by EmployeesController#update as HTML
  Parameters: {"authenticity_token"=>"[FILTERED]", "employee"=>{"name"=>"Laxmi", "age"=>"30", "gender"=>"female", "designation"=>"Lecturer"}, "commit"=>"Update Employee", "id"=>"2"}
  [1m[36mEmployee Load (0.4ms)[0m  [1m[34mSELECT "employees".* FROM "employees" WHERE "employees"."id" = ? LIMIT ?[0m  [["id", 2], ["LIMIT", 1]]
  ↳ app/controllers/employees_controller.rb:63:in `set_employee'
  [1m[36mTRANSACTION (0.2ms)[0m  [1m[36mbegin transaction[0m
  ↳ app/controllers/employees_controller.rb:40:in `block in update'
  [1m[36mEmployee Update (2.3ms)[0m  [1m[33mUPDATE "employees" SET "designation" = ?, "updated_at" = ? WHERE "employees"."id" = ?[0m  [["designation", "Lecturer"], ["updated_at", "2022-10-05 17:50:32.207154"], ["id", 2]]
  ↳ app/controllers/employees_controller.rb:40:in `block in update'
  [1m[36mTRANSACTION (116.0ms)[0m  [1m[36mcommit transaction[0m
  ↳ app/controllers/employees_controller.rb:40:in `block in update'
Redirected to http://127.0.0.1:3000/employees/2
Completed 302 Found in 149ms (ActiveRecord: 119.0ms | Allocations: 3105)


Started GET "/employees/2" for 127.0.0.1 at 2022-10-05 23:20:32 +0530
Processing by EmployeesController#show as HTML
  Parameters: {"id"=>"2"}
  [1m[36mEmployee Load (0.4ms)[0m  [1m[34mSELECT "employees".* FROM "employees" WHERE "employees"."id" = ? LIMIT ?[0m  [["id", 2], ["LIMIT", 1]]
  ↳ app/controllers/employees_controller.rb:63:in `set_employee'
  Rendering layout layouts/application.html.erb
  Rendering employees/show.html.erb within layouts/application
  Rendered employees/_employee.html.erb (Duration: 0.7ms | Allocations: 23)
  Rendered employees/show.html.erb within layouts/application (Duration: 6.4ms | Allocations: 571)
  Rendered layout layouts/application.html.erb (Duration: 23.1ms | Allocations: 1601)
Completed 200 OK in 35ms (Views: 25.3ms | ActiveRecord: 0.4ms | Allocations: 2341)


Started GET "/employees" for 127.0.0.1 at 2022-10-05 23:20:42 +0530
Processing by EmployeesController#index as HTML
  Rendering layout layouts/application.html.erb
  Rendering employees/index.html.erb within layouts/application
  [1m[36mEmployee Load (0.5ms)[0m  [1m[34mSELECT "employees".* FROM "employees"[0m
  ↳ app/views/employees/index.html.erb:17
  Rendered employees/index.html.erb within layouts/application (Duration: 37.1ms | Allocations: 5426)
  Rendered layout layouts/application.html.erb (Duration: 39.2ms | Allocations: 5503)
Completed 500 Internal Server Error in 53ms (ActiveRecord: 0.5ms | Allocations: 5765)


  
ActionView::Template::Error (undefined method `edit_employees_path' for #<ActionView::Base:0x0000000000b8d8>
Did you mean?  edit_employee_path
               edit_employee_url
               new_employee_path
               employees_path):
    23: 
    24: 
    25:         <td><%= link_to 'Show', employees %></td>
    26:         <td><%= link_to 'Edit', edit_employees_path(employees) %></td>
    27:         <td><%= link_to 'Destroy', employees, method: :delete, data: { confirm: 'Are you sure?' } %></td>
    28:       </tr>
    29:     <% end %>
  
app/views/employees/index.html.erb:26
app/views/employees/index.html.erb:17
Started GET "/employees" for 127.0.0.1 at 2022-10-05 23:21:44 +0530
Processing by EmployeesController#index as HTML
  Rendering layout layouts/application.html.erb
  Rendering employees/index.html.erb within layouts/application
  [1m[36mEmployee Load (0.5ms)[0m  [1m[34mSELECT "employees".* FROM "employees"[0m
  ↳ app/views/employees/index.html.erb:17
  Rendered employees/index.html.erb within layouts/application (Duration: 15.1ms | Allocations: 1613)
  Rendered layout layouts/application.html.erb (Duration: 34.2ms | Allocations: 2977)
Completed 200 OK in 60ms (Views: 49.2ms | ActiveRecord: 0.5ms | Allocations: 3791)


Started GET "/employees/1" for 127.0.0.1 at 2022-10-05 23:22:05 +0530
Processing by EmployeesController#show as HTML
  Parameters: {"id"=>"1"}
  [1m[36mEmployee Load (0.4ms)[0m  [1m[34mSELECT "employees".* FROM "employees" WHERE "employees"."id" = ? LIMIT ?[0m  [["id", 1], ["LIMIT", 1]]
  ↳ app/controllers/employees_controller.rb:63:in `set_employee'
  Rendering layout layouts/application.html.erb
  Rendering employees/show.html.erb within layouts/application
  Rendered employees/_employee.html.erb (Duration: 5.2ms | Allocations: 199)
  Rendered employees/show.html.erb within layouts/application (Duration: 16.3ms | Allocations: 1004)
  Rendered layout layouts/application.html.erb (Duration: 28.9ms | Allocations: 2032)
Completed 200 OK in 47ms (Views: 36.2ms | ActiveRecord: 0.4ms | Allocations: 2893)


Started DELETE "/employees/1" for 127.0.0.1 at 2022-10-05 23:22:09 +0530
Processing by EmployeesController#destroy as HTML
  Parameters: {"authenticity_token"=>"[FILTERED]", "id"=>"1"}
  [1m[36mEmployee Load (0.5ms)[0m  [1m[34mSELECT "employees".* FROM "employees" WHERE "employees"."id" = ? LIMIT ?[0m  [["id", 1], ["LIMIT", 1]]
  ↳ app/controllers/employees_controller.rb:63:in `set_employee'
  [1m[36mTRANSACTION (0.2ms)[0m  [1m[36mbegin transaction[0m
  ↳ app/controllers/employees_controller.rb:52:in `destroy'
  [1m[36mEmployee Destroy (29.7ms)[0m  [1m[31mDELETE FROM "employees" WHERE "employees"."id" = ?[0m  [["id", 1]]
  ↳ app/controllers/employees_controller.rb:52:in `destroy'
  [1m[36mTRANSACTION (111.7ms)[0m  [1m[36mcommit transaction[0m
  ↳ app/controllers/employees_controller.rb:52:in `destroy'
Redirected to http://127.0.0.1:3000/employees
Completed 302 Found in 188ms (ActiveRecord: 142.1ms | Allocations: 2449)


Started GET "/employees" for 127.0.0.1 at 2022-10-05 23:22:09 +0530
Processing by EmployeesController#index as HTML
  Rendering layout layouts/application.html.erb
  Rendering employees/index.html.erb within layouts/application
  [1m[36mEmployee Load (0.7ms)[0m  [1m[34mSELECT "employees".* FROM "employees"[0m
  ↳ app/views/employees/index.html.erb:17
  Rendered employees/index.html.erb within layouts/application (Duration: 11.1ms | Allocations: 946)
  Rendered layout layouts/application.html.erb (Duration: 28.6ms | Allocations: 1983)
Completed 200 OK in 37ms (Views: 32.1ms | ActiveRecord: 0.7ms | Allocations: 2263)


Started GET "/employees/new" for 127.0.0.1 at 2022-10-05 23:22:15 +0530
Processing by EmployeesController#new as HTML
  Rendering layout layouts/application.html.erb
  Rendering employees/new.html.erb within layouts/application
  Rendered employees/_form.html.erb (Duration: 10.5ms | Allocations: 1913)
  Rendered employees/new.html.erb within layouts/application (Duration: 18.0ms | Allocations: 2172)
  Rendered layout layouts/application.html.erb (Duration: 33.8ms | Allocations: 3208)
Completed 200 OK in 45ms (Views: 38.6ms | ActiveRecord: 0.0ms | Allocations: 3547)


Started POST "/employees" for 127.0.0.1 at 2022-10-05 23:23:40 +0530
Processing by EmployeesController#create as HTML
  Parameters: {"authenticity_token"=>"[FILTERED]", "employee"=>{"name"=>"Krishna", "age"=>"35", "gender"=>"male", "designation"=>"Admin"}, "commit"=>"Create Employee"}
  [1m[36mTRANSACTION (0.1ms)[0m  [1m[36mbegin transaction[0m
  ↳ app/controllers/employees_controller.rb:27:in `block in create'
  [1m[36mEmployee Create (2.6ms)[0m  [1m[32mINSERT INTO "employees" ("name", "age", "gender", "designation", "created_at", "updated_at") VALUES (?, ?, ?, ?, ?, ?)[0m  [["name", "Krishna"], ["age", 35], ["gender", "male"], ["designation", "Admin"], ["created_at", "2022-10-05 17:53:40.519086"], ["updated_at", "2022-10-05 17:53:40.519086"]]
  ↳ app/controllers/employees_controller.rb:27:in `block in create'
  [1m[36mTRANSACTION (94.3ms)[0m  [1m[36mcommit transaction[0m
  ↳ app/controllers/employees_controller.rb:27:in `block in create'
Redirected to http://127.0.0.1:3000/employees/3
Completed 302 Found in 120ms (ActiveRecord: 97.1ms | Allocations: 2302)


Started GET "/employees/3" for 127.0.0.1 at 2022-10-05 23:23:40 +0530
Processing by EmployeesController#show as HTML
  Parameters: {"id"=>"3"}
  [1m[36mEmployee Load (0.4ms)[0m  [1m[34mSELECT "employees".* FROM "employees" WHERE "employees"."id" = ? LIMIT ?[0m  [["id", 3], ["LIMIT", 1]]
  ↳ app/controllers/employees_controller.rb:63:in `set_employee'
  Rendering layout layouts/application.html.erb
  Rendering employees/show.html.erb within layouts/application
  Rendered employees/_employee.html.erb (Duration: 0.7ms | Allocations: 23)
  Rendered employees/show.html.erb within layouts/application (Duration: 5.6ms | Allocations: 576)
  Rendered layout layouts/application.html.erb (Duration: 25.4ms | Allocations: 1604)
Completed 200 OK in 35ms (Views: 27.6ms | ActiveRecord: 0.4ms | Allocations: 2342)


Started GET "/employees" for 127.0.0.1 at 2022-10-05 23:24:29 +0530
Processing by EmployeesController#index as HTML
  Rendering layout layouts/application.html.erb
  Rendering employees/index.html.erb within layouts/application
  [1m[36mEmployee Load (0.5ms)[0m  [1m[34mSELECT "employees".* FROM "employees"[0m
  ↳ app/views/employees/index.html.erb:17
  Rendered employees/index.html.erb within layouts/application (Duration: 7.1ms | Allocations: 1089)
  Rendered layout layouts/application.html.erb (Duration: 24.1ms | Allocations: 2125)
Completed 200 OK in 31ms (Views: 25.6ms | ActiveRecord: 0.5ms | Allocations: 2403)


Started GET "/employees/2" for 127.0.0.1 at 2022-10-05 23:24:47 +0530
Processing by EmployeesController#show as HTML
  Parameters: {"id"=>"2"}
  [1m[36mEmployee Load (0.4ms)[0m  [1m[34mSELECT "employees".* FROM "employees" WHERE "employees"."id" = ? LIMIT ?[0m  [["id", 2], ["LIMIT", 1]]
  ↳ app/controllers/employees_controller.rb:63:in `set_employee'
  Rendering layout layouts/application.html.erb
  Rendering employees/show.html.erb within layouts/application
  Rendered employees/_employee.html.erb (Duration: 0.2ms | Allocations: 23)
  Rendered employees/show.html.erb within layouts/application (Duration: 4.6ms | Allocations: 561)
  Rendered layout layouts/application.html.erb (Duration: 18.4ms | Allocations: 1589)
Completed 200 OK in 32ms (Views: 23.6ms | ActiveRecord: 0.4ms | Allocations: 2327)


Started GET "/employees" for 127.0.0.1 at 2022-10-05 23:24:50 +0530
Processing by EmployeesController#index as HTML
  Rendering layout layouts/application.html.erb
  Rendering employees/index.html.erb within layouts/application
  [1m[36mEmployee Load (0.4ms)[0m  [1m[34mSELECT "employees".* FROM "employees"[0m
  ↳ app/views/employees/index.html.erb:17
  Rendered employees/index.html.erb within layouts/application (Duration: 10.4ms | Allocations: 1095)
  Rendered layout layouts/application.html.erb (Duration: 27.2ms | Allocations: 2131)
Completed 200 OK in 33ms (Views: 29.0ms | ActiveRecord: 0.4ms | Allocations: 2409)


Started GET "/employees.2" for 127.0.0.1 at 2022-10-05 23:24:52 +0530
Processing by EmployeesController#index as */*
  Rendering layout layouts/application.html.erb
  Rendering employees/index.html.erb within layouts/application
  [1m[36mEmployee Load (0.4ms)[0m  [1m[34mSELECT "employees".* FROM "employees"[0m
  ↳ app/views/employees/index.html.erb:17
  Rendered employees/index.html.erb within layouts/application (Duration: 9.6ms | Allocations: 1092)
  Rendered layout layouts/application.html.erb (Duration: 22.4ms | Allocations: 2128)
Completed 200 OK in 33ms (Views: 25.7ms | ActiveRecord: 0.4ms | Allocations: 2511)


Started GET "/employees.2" for 127.0.0.1 at 2022-10-05 23:24:58 +0530
Processing by EmployeesController#index as */*
  Rendering layout layouts/application.html.erb
  Rendering employees/index.html.erb within layouts/application
  [1m[36mEmployee Load (0.5ms)[0m  [1m[34mSELECT "employees".* FROM "employees"[0m
  ↳ app/views/employees/index.html.erb:17
  Rendered employees/index.html.erb within layouts/application (Duration: 8.2ms | Allocations: 1107)
  Rendered layout layouts/application.html.erb (Duration: 20.9ms | Allocations: 2143)
Completed 200 OK in 27ms (Views: 22.5ms | ActiveRecord: 0.5ms | Allocations: 2439)


Started GET "/employees/2" for 127.0.0.1 at 2022-10-05 23:25:00 +0530
Processing by EmployeesController#show as HTML
  Parameters: {"id"=>"2"}
  [1m[36mEmployee Load (0.4ms)[0m  [1m[34mSELECT "employees".* FROM "employees" WHERE "employees"."id" = ? LIMIT ?[0m  [["id", 2], ["LIMIT", 1]]
  ↳ app/controllers/employees_controller.rb:63:in `set_employee'
  Rendering layout layouts/application.html.erb
  Rendering employees/show.html.erb within layouts/application
  Rendered employees/_employee.html.erb (Duration: 0.2ms | Allocations: 23)
  Rendered employees/show.html.erb within layouts/application (Duration: 4.1ms | Allocations: 549)
  Rendered layout layouts/application.html.erb (Duration: 21.3ms | Allocations: 1577)
Completed 200 OK in 35ms (Views: 24.4ms | ActiveRecord: 0.4ms | Allocations: 2315)


Started GET "/employees" for 127.0.0.1 at 2022-10-05 23:25:07 +0530
Processing by EmployeesController#index as HTML
  Rendering layout layouts/application.html.erb
  Rendering employees/index.html.erb within layouts/application
  [1m[36mEmployee Load (0.4ms)[0m  [1m[34mSELECT "employees".* FROM "employees"[0m
  ↳ app/views/employees/index.html.erb:17
  Rendered employees/index.html.erb within layouts/application (Duration: 5.7ms | Allocations: 1092)
  Rendered layout layouts/application.html.erb (Duration: 23.7ms | Allocations: 2128)
Completed 200 OK in 31ms (Views: 26.1ms | ActiveRecord: 0.4ms | Allocations: 2406)


Started GET "/employees.3" for 127.0.0.1 at 2022-10-05 23:25:12 +0530
Processing by EmployeesController#index as */*
  Rendering layout layouts/application.html.erb
  Rendering employees/index.html.erb within layouts/application
  [1m[36mEmployee Load (0.5ms)[0m  [1m[34mSELECT "employees".* FROM "employees"[0m
  ↳ app/views/employees/index.html.erb:17
  Rendered employees/index.html.erb within layouts/application (Duration: 6.8ms | Allocations: 1098)
  Rendered layout layouts/application.html.erb (Duration: 20.8ms | Allocations: 2134)
Completed 200 OK in 31ms (Views: 22.5ms | ActiveRecord: 0.5ms | Allocations: 2430)


Started GET "/employees/new" for 127.0.0.1 at 2022-10-05 23:26:13 +0530
Processing by EmployeesController#new as HTML
  Rendering layout layouts/application.html.erb
  Rendering employees/new.html.erb within layouts/application
  Rendered employees/_form.html.erb (Duration: 7.4ms | Allocations: 1440)
  Rendered employees/new.html.erb within layouts/application (Duration: 8.7ms | Allocations: 1527)
  Rendered layout layouts/application.html.erb (Duration: 23.3ms | Allocations: 2563)
Completed 200 OK in 29ms (Views: 25.2ms | ActiveRecord: 0.0ms | Allocations: 2845)


Started POST "/employees" for 127.0.0.1 at 2022-10-05 23:26:41 +0530
Processing by EmployeesController#create as HTML
  Parameters: {"authenticity_token"=>"[FILTERED]", "employee"=>{"name"=>"sri", "age"=>"28", "gender"=>"male", "designation"=>"Manager"}, "commit"=>"Create Employee"}
  [1m[36mTRANSACTION (0.2ms)[0m  [1m[36mbegin transaction[0m
  ↳ app/controllers/employees_controller.rb:27:in `block in create'
  [1m[36mEmployee Create (2.3ms)[0m  [1m[32mINSERT INTO "employees" ("name", "age", "gender", "designation", "created_at", "updated_at") VALUES (?, ?, ?, ?, ?, ?)[0m  [["name", "sri"], ["age", 28], ["gender", "male"], ["designation", "Manager"], ["created_at", "2022-10-05 17:56:41.295312"], ["updated_at", "2022-10-05 17:56:41.295312"]]
  ↳ app/controllers/employees_controller.rb:27:in `block in create'
  [1m[36mTRANSACTION (107.3ms)[0m  [1m[36mcommit transaction[0m
  ↳ app/controllers/employees_controller.rb:27:in `block in create'
Redirected to http://127.0.0.1:3000/employees/4
Completed 302 Found in 133ms (ActiveRecord: 109.9ms | Allocations: 2255)


Started GET "/employees/4" for 127.0.0.1 at 2022-10-05 23:26:41 +0530
Processing by EmployeesController#show as HTML
  Parameters: {"id"=>"4"}
  [1m[36mEmployee Load (0.4ms)[0m  [1m[34mSELECT "employees".* FROM "employees" WHERE "employees"."id" = ? LIMIT ?[0m  [["id", 4], ["LIMIT", 1]]
  ↳ app/controllers/employees_controller.rb:63:in `set_employee'
  Rendering layout layouts/application.html.erb
  Rendering employees/show.html.erb within layouts/application
  Rendered employees/_employee.html.erb (Duration: 0.2ms | Allocations: 23)
  Rendered employees/show.html.erb within layouts/application (Duration: 5.3ms | Allocations: 582)
  Rendered layout layouts/application.html.erb (Duration: 17.0ms | Allocations: 1610)
Completed 200 OK in 32ms (Views: 20.0ms | ActiveRecord: 0.4ms | Allocations: 2348)


Started GET "/employees/4/edit" for 127.0.0.1 at 2022-10-05 23:26:47 +0530
Processing by EmployeesController#edit as HTML
  Parameters: {"id"=>"4"}
  [1m[36mEmployee Load (0.4ms)[0m  [1m[34mSELECT "employees".* FROM "employees" WHERE "employees"."id" = ? LIMIT ?[0m  [["id", 4], ["LIMIT", 1]]
  ↳ app/controllers/employees_controller.rb:63:in `set_employee'
  Rendering layout layouts/application.html.erb
  Rendering employees/edit.html.erb within layouts/application
  Rendered employees/_form.html.erb (Duration: 7.8ms | Allocations: 1548)
  Rendered employees/edit.html.erb within layouts/application (Duration: 12.8ms | Allocations: 1803)
  Rendered layout layouts/application.html.erb (Duration: 23.9ms | Allocations: 2831)
Completed 200 OK in 44ms (Views: 32.2ms | ActiveRecord: 0.4ms | Allocations: 3622)


Started PATCH "/employees/4" for 127.0.0.1 at 2022-10-05 23:26:55 +0530
Processing by EmployeesController#update as HTML
  Parameters: {"authenticity_token"=>"[FILTERED]", "employee"=>{"name"=>"sri", "age"=>"28", "gender"=>"male", "designation"=>"Manager"}, "commit"=>"Update Employee", "id"=>"4"}
  [1m[36mEmployee Load (0.5ms)[0m  [1m[34mSELECT "employees".* FROM "employees" WHERE "employees"."id" = ? LIMIT ?[0m  [["id", 4], ["LIMIT", 1]]
  ↳ app/controllers/employees_controller.rb:63:in `set_employee'
Redirected to http://127.0.0.1:3000/employees/4
Completed 302 Found in 22ms (ActiveRecord: 0.5ms | Allocations: 1096)


Started GET "/employees/4" for 127.0.0.1 at 2022-10-05 23:26:55 +0530
Processing by EmployeesController#show as HTML
  Parameters: {"id"=>"4"}
  [1m[36mEmployee Load (0.4ms)[0m  [1m[34mSELECT "employees".* FROM "employees" WHERE "employees"."id" = ? LIMIT ?[0m  [["id", 4], ["LIMIT", 1]]
  ↳ app/controllers/employees_controller.rb:63:in `set_employee'
  Rendering layout layouts/application.html.erb
  Rendering employees/show.html.erb within layouts/application
  Rendered employees/_employee.html.erb (Duration: 0.2ms | Allocations: 23)
  Rendered employees/show.html.erb within layouts/application (Duration: 3.5ms | Allocations: 582)
  Rendered layout layouts/application.html.erb (Duration: 24.9ms | Allocations: 1610)
Completed 200 OK in 35ms (Views: 29.1ms | ActiveRecord: 0.4ms | Allocations: 2350)


Started GET "/employees" for 127.0.0.1 at 2022-10-05 23:27:01 +0530
Processing by EmployeesController#index as HTML
  Rendering layout layouts/application.html.erb
  Rendering employees/index.html.erb within layouts/application
  [1m[36mEmployee Load (0.4ms)[0m  [1m[34mSELECT "employees".* FROM "employees"[0m
  ↳ app/views/employees/index.html.erb:17
  Rendered employees/index.html.erb within layouts/application (Duration: 6.5ms | Allocations: 1276)
  Rendered layout layouts/application.html.erb (Duration: 21.5ms | Allocations: 2312)
Completed 200 OK in 31ms (Views: 23.2ms | ActiveRecord: 0.4ms | Allocations: 2590)


Started GET "/employees/2" for 127.0.0.1 at 2022-10-05 23:28:05 +0530
Processing by EmployeesController#show as HTML
  Parameters: {"id"=>"2"}
  [1m[36mEmployee Load (0.5ms)[0m  [1m[34mSELECT "employees".* FROM "employees" WHERE "employees"."id" = ? LIMIT ?[0m  [["id", 2], ["LIMIT", 1]]
  ↳ app/controllers/employees_controller.rb:63:in `set_employee'
  Rendering layout layouts/application.html.erb
  Rendering employees/show.html.erb within layouts/application
  Rendered employees/_employee.html.erb (Duration: 0.3ms | Allocations: 23)
  Rendered employees/show.html.erb within layouts/application (Duration: 4.8ms | Allocations: 561)
  Rendered layout layouts/application.html.erb (Duration: 27.1ms | Allocations: 1589)
Completed 200 OK in 45ms (Views: 30.7ms | ActiveRecord: 0.5ms | Allocations: 2327)


Started GET "/employees" for 127.0.0.1 at 2022-10-05 23:28:58 +0530
Processing by EmployeesController#index as HTML
  Rendering layout layouts/application.html.erb
  Rendering employees/index.html.erb within layouts/application
  [1m[36mEmployee Load (0.5ms)[0m  [1m[34mSELECT "employees".* FROM "employees"[0m
  ↳ app/views/employees/index.html.erb:17
  Rendered employees/index.html.erb within layouts/application (Duration: 8.6ms | Allocations: 1273)
  Rendered layout layouts/application.html.erb (Duration: 35.6ms | Allocations: 2311)
Completed 200 OK in 44ms (Views: 37.8ms | ActiveRecord: 0.5ms | Allocations: 2589)


Started GET "/employees/new" for 127.0.0.1 at 2022-10-05 23:29:01 +0530
Processing by EmployeesController#new as HTML
  Rendering layout layouts/application.html.erb
  Rendering employees/new.html.erb within layouts/application
  Rendered employees/_form.html.erb (Duration: 10.1ms | Allocations: 1437)
  Rendered employees/new.html.erb within layouts/application (Duration: 11.9ms | Allocations: 1524)
  Rendered layout layouts/application.html.erb (Duration: 24.9ms | Allocations: 2562)
Completed 200 OK in 32ms (Views: 28.1ms | ActiveRecord: 0.0ms | Allocations: 2844)


Started GET "/employees" for 127.0.0.1 at 2022-10-05 23:31:10 +0530
Processing by EmployeesController#index as HTML
  Rendering layout layouts/application.html.erb
  Rendering employees/index.html.erb within layouts/application
  [1m[36mEmployee Load (1.0ms)[0m  [1m[34mSELECT "employees".* FROM "employees"[0m
  ↳ app/views/employees/index.html.erb:17
  Rendered employees/index.html.erb within layouts/application (Duration: 12.5ms | Allocations: 1285)
  Rendered layout layouts/application.html.erb (Duration: 25.6ms | Allocations: 2321)
Completed 200 OK in 31ms (Views: 26.7ms | ActiveRecord: 1.0ms | Allocations: 2599)


